make.exe all --print-data-base --no-builtin-variables --no-builtin-rules --question
# GNU Make 3.82.90
# Built for i686-pc-mingw32
# Copyright (C) 1988-2012 Free Software Foundation, Inc.
# License GPLv3+: GNU GPL version 3 or later <http://gnu.org/licenses/gpl.html>
# This is free software: you are free to change and redistribute it.
# There is NO WARRANTY, to the extent permitted by law.
 
File not found - *.c

File not found - *.c


# Make data base, printed on Sun Jul 10 13:45:38 2022

# Variables

# automatic
<D = $(patsubst %/,%,$(patsubst %\,%,$(dir $<)))
# automatic
?F = $(notdir $?)
# default
.SHELLFLAGS := -c
# makefile (from 'Makefile', line 19)
OBJ = $(SRC:$(SRCDIR)/%$(EXT)=$(OBJDIR)/%.o)
# makefile (from 'Makefile', line 18)
SRC = $(shell find $(SRCDIR) -name *$(EXT))
# makefile
MAKEFLAGS = Rrqp
# environment
VSCODE_LOG_NATIVE = false
# automatic
?D = $(patsubst %/,%,$(patsubst %\,%,$(dir $?)))
# automatic
@D = $(patsubst %/,%,$(patsubst %\,%,$(dir $@)))
# environment
HOMEDRIVE = C:
# automatic
@F = $(notdir $@)
# automatic
^D = $(patsubst %/,%,$(patsubst %\,%,$(dir $^)))
# makefile
CURDIR := c:/Users/91910/Documents/c/mylibc2.0
# default
SHELL := sh.exe
# makefile (from 'Makefile', line 22)
RM = rm
# environment
WINDIR = C:\WINDOWS
# environment
VSCODE_NLS_CONFIG = {"locale":"en-us","availableLanguages":{},"_languagePackSupport":true}
# environment
DISABLE_LAYER_AMD_SWITCHABLE_GRAPHICS_1 = 1
# environment
ONEDRIVE = C:\Users\91910\OneDrive
# environment
PATHEXT = .COM;.EXE;.BAT;.CMD;.VBS;.VBE;.JS;.JSE;.WSF;.WSH;.MSC;.PY;.PYW
# makefile (from 'Makefile', line 1)
MAKEFILE_LIST :=  Makefile
# environment
TMP = C:\Users\91910\AppData\Local\Temp
# makefile (from 'Makefile', line 7)
CXXFLAGS = -std=c11 -Wall -g
# environment
VSCODE_VERBOSE_LOGGING = true
# environment
PROGRAMW6432 = C:\Program Files
# makefile (from 'Makefile', line 26)
DEL = del
# environment
PROGRAMDATA = C:\ProgramData
# environment
VSCODE_IPC_HOOK_EXTHOST = \\.\pipe\vscode-ipc-0e86406f-001f-4b4a-acd3-eff98b2d7c0a-sock
# environment
VSCODE_CWD = C:\Program Files\Microsoft VS Code
# environment
PATH = C:\cuda\v11.7\bin;C:\cuda\v11.7\libnvvp;C:\TDM-GCC-64\bin;C:\Program Files\Go\bin;C:\Program Files\CMake\bin;C:\windows\system32;C:\Program Files\Microsoft VS Code\bin;C:\Python310\;C:\Python310\Scripts\;C:\windows;C:\windows\System32\Wbem;C:\windows\System32\WindowsPowerShell\v1.0\;C:\windows\System32\OpenSSH\;C:\Program Files\NVIDIA Corporation\NVIDIA NvDLISR;C:\WINDOWS\system32;C:\WINDOWS;C:\WINDOWS\System32\Wbem;C:\WINDOWS\System32\WindowsPowerShell\v1.0\;C:\WINDOWS\System32\OpenSSH\;C:\Program Files\Git\cmd;C:\opencv\build\install\x64\mingw\bin;C:\Program Files\nodejs\;C:\ProgramData\chocolatey\bin;C:\Users\91910\softwares\platform-tools;C:\Users\91910\AppData\Local\Microsoft\WindowsApps;C:\Users\91910\go\bin;C:\Users\91910\AppData\Roaming\npm
# environment
ONLINESERVICES = Online Services
# environment
COMMONPROGRAMW6432 = C:\Program Files\Common Files
# makefile (from 'Makefile', line 20)
DEP = $(OBJ:$(OBJDIR)/%.o=$(DEPDIR)/%.d)
# environment
CHOCOLATEYLASTPATHUPDATE = 133016395437940220
# environment
PROCESSOR_ARCHITECTURE = x86
# environment
USERPROFILE = C:\Users\91910
# environment
CHOCOLATEYINSTALL = C:\ProgramData\chocolatey
# environment
ALLUSERSPROFILE = C:\ProgramData
# environment
GOPATH = C:\Users\91910\go
# environment
VSCODE_LOG_STACK = false
# environment
NUMBER_OF_PROCESSORS = 12
# environment
ELECTRON_RUN_AS_NODE = 1
# makefile (from 'Makefile', line 8)
LDFLAGS = -lm
# default
.FEATURES := target-specific order-only second-expansion else-if shortest-stem undefine oneshell archives jobserver
# makefile (from 'Makefile', line 13)
SRCDIR = ./src
# automatic
%F = $(notdir $%)
# environment
CHROME_CRASHPAD_PIPE_NAME = \\.\pipe\crashpad_17120_YGWONRNHIABCGMFV
# environment
VSCODE_PIPE_LOGGING = true
# environment
COMPUTERNAME = MRSIR
# environment
ASSUME_NO_MOVING_GC_UNSAFE_RISK_IT_WITH = go1.18
# environment
PROGRAMFILES = C:\Program Files (x86)
# environment
DRIVERDATA = C:\Windows\System32\Drivers\DriverData
# environment
ORIGINAL_XDG_CURRENT_DESKTOP = undefined
# environment
USERNAME = 91910
# environment
PUBLIC = C:\Users\Public
# environment
VSCODE_AMD_ENTRYPOINT = vs/workbench/api/node/extensionHostProcess
# environment
VSCODE_CODE_CACHE_PATH = C:\Users\91910\AppData\Roaming\Code\CachedData\30d9c6cd9483b2cc586687151bcbcd635f373630
# environment
APPLICATION_INSIGHTS_NO_DIAGNOSTIC_CHANNEL = true
# makefile (from 'Makefile', line 23)
DELOBJ = $(OBJ)
# environment
COMMONPROGRAMFILES = C:\Program Files (x86)\Common Files
# environment
LOGONSERVER = \\MRSIR
# environment
VSCODE_HANDLES_UNCAUGHT_ERRORS = true
# environment
USERDOMAIN = MRSIR
# environment
MAKELEVEL := 0
# default
MAKE = $(MAKE_COMMAND)
# default
MAKECMDGOALS := all
# makefile (from 'Makefile', line 11)
APPNAME = main
# makefile (from 'Makefile', line 6)
CC = gcc
# default
MAKE_VERSION := 3.82.90
# makefile
.DEFAULT_GOAL := all
# makefile (from 'Makefile', line 24)
MKDIR_P = mkdir -p
# environment
PROGRAMFILES(X86) = C:\Program Files (x86)
# automatic
%D = $(patsubst %/,%,$(patsubst %\,%,$(dir $%)))
# environment
LOCALAPPDATA = C:\Users\91910\AppData\Local
# environment
PSMODULEPATH = C:\Program Files\WindowsPowerShell\Modules;C:\WINDOWS\system32\WindowsPowerShell\v1.0\Modules
# default
MAKE_COMMAND := make.exe
# environment
PROCESSOR_ARCHITEW6432 = AMD64
# environment
AMDRMSDKPATH = C:\Program Files\AMD\RyzenMasterSDK\
# default
.VARIABLES := 
# automatic
*F = $(notdir $*)
# environment
PROCESSOR_IDENTIFIER = AMD64 Family 23 Model 96 Stepping 1, AuthenticAMD
# environment
OS = Windows_NT
# environment
VSCODE_IPC_HOOK = \\.\pipe\550608ea6833fb253414b69ddff6569a-1.68.1-main-sock
# makefile (from 'Makefile', line 12)
EXT = .c
# environment
HOMEPATH = \Users\91910
# environment
COMMONPROGRAMFILES(X86) = C:\Program Files (x86)\Common Files
# environment
PROMPT = $P$G
# environment
MFLAGS = -Rrqp
# automatic
*D = $(patsubst %/,%,$(patsubst %\,%,$(dir $*)))
# environment
REGIONCODE = APJ
# environment
SYSTEMROOT = C:\WINDOWS
# automatic
+D = $(patsubst %/,%,$(patsubst %\,%,$(dir $+)))
# environment
PLATFORMCODE = KV
# automatic
+F = $(notdir $+)
# environment
APPDATA = C:\Users\91910\AppData\Roaming
# environment
TEMP = C:\Users\91910\AppData\Local\Temp
# environment
COMSPEC = C:\WINDOWS\system32\cmd.exe
# default
MAKEFILES := 
# makefile (from 'Makefile', line 15)
DEPDIR = ./dep
# automatic
<F = $(notdir $<)
# makefile (from 'Makefile', line 14)
OBJDIR = ./obj
# environment
LC_ALL = C
# makefile (from 'Makefile', line 28)
WDELOBJ = $(SRC:$(SRCDIR)/%$(EXT)=$(OBJDIR)\\%.o)
# automatic
^F = $(notdir $^)
# environment
CUDA_PATH = C:\cuda\v11.7
# default
SUFFIXES := 
# environment
SYSTEMDRIVE = C:
# environment
SESSIONNAME = Console
# environment
PROCESSOR_REVISION = 6001
# default
.RECIPEPREFIX := 
# environment
CUDA_PATH_V11_7 = C:\cuda\v11.7
# makefile (from 'Makefile', line 27)
EXE = .exe
# environment
LANG = C
# environment
PROCESSOR_LEVEL = 23
# environment
VSCODE_PID = 17120
# environment
USERDOMAIN_ROAMINGPROFILE = MRSIR
# variable set hash-table stats:
# Load=116/1024=11%, Rehash=0, Collisions=18/173=10%

# Pattern-specific Variable Values

# No pattern-specific variable values.

# Directories

# C:\Program Files\NVIDIA Corporation\NVIDIA NvDLISR (key C:/Program Files/NVIDIA Corporation/NVIDIA NvDLISR, mtime 1653423698): 5 files, no impossibilities.
# C:\windows\System32\WindowsPowerShell\v1.0\ (key C:/windows/System32/WindowsPowerShell/v1.0/, mtime 1653427302): 30 files, no impossibilities.
# C:\WINDOWS\Sys 
tem32\Wbem (key C:/WINDOWS/System32/Wbem, mtime 1653427302): 155 files, no impossibilities.
# . (key c:/Users/91910/Documents/c/mylibc2.0, mtime 1657436125): 10 files, no impossibilities.
# C:\cuda\v11.7\libnvvp (key C:/cuda/v11.7/libnvvp, mtime 1657359341): 14 files, no impossibilities.
# C:\Users\91910\softwares\platform-tools (key C:/Users/91910/softwares/platform-tools, mtime 1657293035): 17 files, no impossibilities.
# C:\TDM-GCC-64\bin (key C:/TDM-GCC-64/bin, mtime 1657356041): 71 files, no impossibilities.
# C:\Python310\ (key C:/Python310/, mtime 1656948363): 19 files, no impossibilities.
# C:\Program Files\Git\cmd (key C:/Program Files/Git/cmd, mtime 1656701318): 8 files, no impossibilities.
# C:\windows\System32\OpenSSH\: could not be stat'd.
# C:\Python310\Scripts\ (key C:/Python310/Scripts/, mtime 1656948363): 7 files, no impossibilities.
# C:\Program Files\CMake\bin (key C:/Program Files/CMake/bin, mtime 1656999314): 7 files, no impossibilities.
# C:\WINDOWS (key C:/WINDOWS, mtime 1657103917): 120 files, no impossibilities.
# C:\opencv\build\install\x64\mingw\bin (key C:/opencv/build/install/x64/mingw/bin, mtime 1657000543): 60 files, no impossibilities.
# C:\cuda\v11.7\bin (key C:/cuda/v11.7/bin, mtime 1657359344): 45 files, no impossibilities.
# C:\ProgramData\chocolatey\bin (key C:/ProgramData/chocolatey/bin, mtime 1657165944): 11 files, no impossibilities.
# C:\windows (key C:/windows, mtime 1657103917): 120 files, no impossibilities.
# C:\Program Files\Go\bin (key C:/Program Files/Go/bin, mtime 1656698363): 4 files, no impossibilities.
# C:\Users\91910\go\bin (key C:/Users/91910/go/bin, mtime 1657359575): 11 files, no impossibilities.
# C:\windows\System32\Wbem (key C:/windows/System32/Wbem, mtime 1653427302): 155 files, no impossibilities.
# src (key c:/Users/91910/Documents/c/mylibc2.0/src, mtime 1657362968): No files, no impossibilities so far.
# C:\Program Files\nodejs\ (key C:/Program Files/nodejs/, mtime 1657165917): 13 files, no impossibilities.
# C:\Users\91910\AppData\Roaming\npm (key C:/Users/91910/AppData/Roaming/npm, mtime 1657167494): 9 files, no impossibilities.
# C:\WINDOWS\System32\WindowsPowerShell\v1.0\ (key C:/WINDOWS/System32/WindowsPowerShell/v1.0/, mtime 1653427302): 30 files, no impossibilities.
# C:\windows\system32 (key C:/windows/system32, mtime 1657292644): 2923 files, no impossibilities.
# C:\Program Files\Microsoft VS Code\bin (key C:/Program Files/Microsoft VS Code/bin, mtime 1656323065): 4 files, no impossibilities.
# C:\WINDOWS\System32\OpenSSH\: could not be stat'd.
# C:\Users\91910\AppData\Local\Microsoft\WindowsApps (key C:/Users/91910/AppData/Local/Microsoft/WindowsApps, mtime 1657294341): 28 files, no impossibilities.
# C:\WINDOWS\system32 (key C:/WINDOWS/system32, mtime 1657292644): 2923 files, no impossibilities.

# 6799 files, no impossibilities in 29 directories.

# Implicit Rules

dep/%.d: src/%.c
#  recipe to execute (from 'Makefile', line 49):
	@$(MKDIR_P) $(dir $@)
	@$(CPP) $(CFLAGS) $< -MM -MT $(@:%.d=%.o) >$@

obj/%.o: src/%.c
#  recipe to execute (from 'Makefile', line 57):
	@$(MKDIR_P) $(dir $@)
	$(CC) $(CXXFLAGS) -o $@ -c $<

# 2 implicit rules, 0 (0.0%) terminal.

# Files

all: main
#  Phony target (prerequisite of .PHONY).
#  Command line target.
#  Implicit rule search has not been done.
#  File does not exist.
#  File has been updated.
#  Needs to be updated (-q is set).
# variable set hash-table stats:
# Load=0/32=0%, Rehash=0, Collisions=0/6=0%

.PHONY: all clean cleandep cleanw cleandepw run
#  Implicit rule search has not been done.
#  Modification time never checked.
#  File has not been updated.

# Not a target:
.SUFFIXES:
#  Implicit rule search has not been done.
#  Modification time never checked.
#  File has not been updated.

# Not a target:
Makefile:
#  Implicit rule search has been done.
#  Last modified 2022-07-10 12:23:46
#  File has been updated.
#  Successfully updated.

cleanw:
#  Phony target (prerequisite of .PHONY).
#  Implicit rule search has not been done.
#  File does not exist.
#  File has not been updated.
#  recipe to execute (from 'Makefile', line 72):
	$(DEL) $(WDELOBJ) $(DEP) $(APPNAME)$(EXE)

# Not a target:
.DEFAULT:
#  Implicit rule search has not been done.
#  Modification time never checked.
#  File has not been updated.

cleandep:
#  Phony target (prerequisite of .PHONY).
#  Implicit rule search has not been done.
#  File does not exist.
#  File has not been updated.
#  recipe to execute (from 'Makefile', line 67):
	$(RM)  -f $(DEP)

cleandepw:
#  Phony target (prerequisite of .PHONY).
#  Implicit rule search has not been done.
#  File does not exist.
#  File has not been updated.
#  recipe to execute (from 'Makefile', line 76):
	$(DEL) $(DEP)

run: all
#  Phony target (prerequisite of .PHONY).
#  Implicit rule search has not been done.
#  File does not exist.
#  File has not been updated.
#  recipe to execute (from 'Makefile', line 40):
	./$(APPNAME).exe

clean:
#  Phony target (prerequisite of .PHONY).
#  Implicit rule search has not been done.
#  File does not exist.
#  File has not been updated.
#  recipe to execut 
e (from 'Makefile', line 63):
	@$(RM) -f $(DELOBJ) $(DEP) $(APPNAME)

main:
#  Implicit rule search has not been done.
#  Implicit/static pattern stem: ''
#  File does not exist.
#  File has been updated.
#  Needs to be updated (-q is set).
# automatic
# @ := main
# automatic
# % := 
# automatic
# * := 
# automatic
# + := 
# automatic
# | := 
# automatic
# < := 
# automatic
# ^ := 
# automatic
# ? := 
# variable set hash-table stats:
# Load=8/32=25%, Rehash=0, Collisions=1/16=6%
#  recipe to execute (from 'Makefile', line 45):
	$(CC) $(CXXFLAGS) -o $@ $^ $(LDFLAGS)

# files hash-table stats:
# Load=11/1024=1%, Rehash=0, Collisions=0/37=0%
# VPATH Search Paths

# No 'vpath' search paths.

# No general ('VPATH' variable) search path.

# strcache buffers: 7 (6) / strings = 3543 / storage = 53823 B / avg = 15 B
# current buf: size = 8174 B / used = 4833 B / count = 261 / avg = 18 B
# other used: total = 45649 B / count = 3282 / avg = 13 B
# other free: total = 54 B / max = 14 B / min = 6 B / avg = 9 B

# strcache performance: lookups = 6862 / hit rate = 48%
# hash-table stats:
# Load=3543/8192=43%, Rehash=0, Collisions=2336/6862=34%
# Finished Make data base on Sun Jul 10 13:45:38 2022

 
